<?xml version="1.0" encoding="UTF-8"?>
<!-- Generated by org.testng.reporters.JUnitReportReporter -->
<testsuite hostname="DESKTOP-QPRLLMO" failures="0" tests="1" name="test.pl.com.CreateAccountTest" time="40.555" errors="0" timestamp="2023-06-07T11:54:22 EET" skipped="0">
  <testcase classname="test.pl.com.CreateAccountTest" name="createAccount" time="40.555"/>
  <system-out/>
</testsuite> <!-- test.pl.com.CreateAccountTest -->
